<?xml version="1.0" encoding="UTF-8"?>
<!-- Generated by org.testng.reporters.JUnitReportReporter -->
<testsuite hostname="DESKTOP-DLSO722" name="example.NewTest" tests="1" failures="0" timestamp="2 Nov 2020 12:54:11 GMT" time="7.941" errors="0">
  <testcase name="testEasy" time="7.941" classname="example.NewTest"/>
</testsuite> <!-- example.NewTest -->
